New log file opened at Sat Apr 09 21:20:15 MDT 2016 by 16535@Zoey
Taking next connection to: 57082
New client attempting to connect on port: 52559-57082
  Address = /127.0.1.1:57082
This client on port 52559 has uuid 2085d0a2-b629-434f-9cad-f56a2a4c698f configName activator humanReadableName Activator protocolVersion 3 featureTags Vector()
Connected Clients: activator-2085d0a2-b629-434f-9cad-f56a2a4c698f
Taking next connection to: 57082
New client attempting to connect on port: 52560-57082
  Address = /127.0.1.1:57082
Handshake exception on socket: 52560
sbt.impl.ipc.HandshakeException: Unable to perform handshake
	at sbt.impl.ipc.Peer.handshake(IPC.scala:46)
	at sbt.impl.ipc.MultiClientServer.<init>(IPC.scala:150)
	at sbt.server.SbtServerSocketHandler$$anon$1.run(SbtServerSocketHandler.scala:43)
Caused by: java.io.EOFException
	at java.io.DataInputStream.readInt(DataInputStream.java:392)
	at sbt.impl.ipc.Peer.receive(IPC.scala:95)
	at sbt.impl.ipc.Peer.handshake(IPC.scala:49)
	... 2 more
Taking next connection to: 57082
New client attempting to connect on port: 52561-57082
  Address = /127.0.1.1:57082
This client on port 52561 has uuid 01a4506f-d5d9-44d7-9f10-b26a5cfc49f4 configName activator humanReadableName Activator protocolVersion 3 featureTags Vector()
Connected Clients: activator-2085d0a2-b629-434f-9cad-f56a2a4c698f, activator-01a4506f-d5d9-44d7-9f10-b26a5cfc49f4
Taking next connection to: 57082
New client attempting to connect on port: 52564-57082
  Address = /127.0.1.1:57082
Handshake exception on socket: 52564
sbt.impl.ipc.HandshakeException: Unable to perform handshake
	at sbt.impl.ipc.Peer.handshake(IPC.scala:46)
	at sbt.impl.ipc.MultiClientServer.<init>(IPC.scala:150)
	at sbt.server.SbtServerSocketHandler$$anon$1.run(SbtServerSocketHandler.scala:43)
Caused by: java.io.EOFException
	at java.io.DataInputStream.readInt(DataInputStream.java:392)
	at sbt.impl.ipc.Peer.receive(IPC.scala:95)
	at sbt.impl.ipc.Peer.handshake(IPC.scala:49)
	... 2 more
Taking next connection to: 57082
New client attempting to connect on port: 52565-57082
  Address = /127.0.1.1:57082
This client on port 52565 has uuid 78029d16-2736-43b6-a5e1-df7f117fcf1b configName play-fork-run humanReadableName Play Fork Run protocolVersion 1 featureTags Vector()
Connected Clients: activator-2085d0a2-b629-434f-9cad-f56a2a4c698f, play-fork-run-78029d16-2736-43b6-a5e1-df7f117fcf1b
Taking next connection to: 57082
Checking to see if clients are empty...
We have 1 non-daemon clients, continuing serving connections.
Taking next connection to: 57082
Checking to see if clients are empty...
We have 1 non-daemon clients, continuing serving connections.
Taking next connection to: 57082
Checking to see if clients are empty...
We have 1 non-daemon clients, continuing serving connections.
Taking next connection to: 57082
Checking to see if clients are empty...
We have 1 non-daemon clients, continuing serving connections.
Taking next connection to: 57082
